# JRE version: OpenJDK Runtime Environment (8.0_242-b01) (build 1.8.0_242-release-1644-b01)
# Java VM: OpenJDK 64-Bit Server VM (25.242-b01 mixed mode windows-amd64 compressed oops)
Heap:
 PSYoungGen      total 571392K, used 9404K [0x00000000d5580000, 0x0000000100000000, 0x0000000100000000)
  eden space 522240K, 1% used [0x00000000d5580000,0x00000000d5c37228,0x00000000f5380000)
  from space 49152K, 5% used [0x00000000f5380000,0x00000000f55f7f78,0x00000000f8380000)
  to   space 48128K, 0% used [0x00000000fd100000,0x00000000fd100000,0x0000000100000000)
 ParOldGen       total 205312K, used 133774K [0x0000000080000000, 0x000000008c880000, 0x00000000d5580000)
  object space 205312K, 65% used [0x0000000080000000,0x00000000882a3ba8,0x000000008c880000)
 Metaspace       used 147813K, capacity 154562K, committed 158248K, reserved 1185792K
  class space    used 19129K, capacity 20387K, committed 21032K, reserved 1048576K
GC Heap History (10 events):
Event: 8601.713 GC heap before
{Heap before GC invocations=38 (full 6):
 PSYoungGen      total 479232K, used 2601K [0x00000000d5580000, 0x00000000f4680000, 0x0000000100000000)
  eden space 449536K, 0% used [0x00000000d5580000,0x00000000d5580000,0x00000000f0c80000)
  from space 29696K, 8% used [0x00000000f2980000,0x00000000f2c0a7b0,0x00000000f4680000)
  to   space 29696K, 0% used [0x00000000f0c80000,0x00000000f0c80000,0x00000000f2980000)
 ParOldGen       total 134144K, used 109830K [0x0000000080000000, 0x0000000088300000, 0x00000000d5580000)
  object space 134144K, 81% used [0x0000000080000000,0x0000000086b41918,0x0000000088300000)
 Metaspace       used 137100K, capacity 144580K, committed 144936K, reserved 1175552K
  class space    used 17872K, capacity 19372K, committed 19496K, reserved 1048576K
Event: 8610.038 GC heap after
Heap after GC invocations=38 (full 6):
 PSYoungGen      total 479232K, used 0K [0x00000000d5580000, 0x00000000f4680000, 0x0000000100000000)
  eden space 449536K, 0% used [0x00000000d5580000,0x00000000d5580000,0x00000000f0c80000)
  from space 29696K, 0% used [0x00000000f2980000,0x00000000f2980000,0x00000000f4680000)
  to   space 29696K, 0% used [0x00000000f0c80000,0x00000000f0c80000,0x00000000f2980000)
 ParOldGen       total 134144K, used 71493K [0x0000000080000000, 0x0000000088300000, 0x00000000d5580000)
  object space 134144K, 53% used [0x0000000080000000,0x00000000845d17f0,0x0000000088300000)
 Metaspace       used 135225K, capacity 141144K, committed 144936K, reserved 1175552K
  class space    used 17512K, capacity 18650K, committed 19496K, reserved 1048576K
}
Event: 8763.292 GC heap before
{Heap before GC invocations=39 (full 6):
 PSYoungGen      total 479232K, used 449536K [0x00000000d5580000, 0x00000000f4680000, 0x0000000100000000)
  eden space 449536K, 100% used [0x00000000d5580000,0x00000000f0c80000,0x00000000f0c80000)
  from space 29696K, 0% used [0x00000000f2980000,0x00000000f2980000,0x00000000f4680000)
  to   space 29696K, 0% used [0x00000000f0c80000,0x00000000f0c80000,0x00000000f2980000)
 ParOldGen       total 134144K, used 71493K [0x0000000080000000, 0x0000000088300000, 0x00000000d5580000)
  object space 134144K, 53% used [0x0000000080000000,0x00000000845d17f0,0x0000000088300000)
 Metaspace       used 146487K, capacity 153050K, committed 154792K, reserved 1183744K
  class space    used 19149K, capacity 20374K, committed 20648K, reserved 1048576K
Event: 8769.020 GC heap after
Heap after GC invocations=39 (full 6):
 PSYoungGen      total 479232K, used 29674K [0x00000000d5580000, 0x00000000fa600000, 0x0000000100000000)
  eden space 449536K, 0% used [0x00000000d5580000,0x00000000d5580000,0x00000000f0c80000)
  from space 29696K, 99% used [0x00000000f0c80000,0x00000000f297a960,0x00000000f2980000)
  to   space 35328K, 0% used [0x00000000f8380000,0x00000000f8380000,0x00000000fa600000)
 ParOldGen       total 134144K, used 73170K [0x0000000080000000, 0x0000000088300000, 0x00000000d5580000)
  object space 134144K, 54% used [0x0000000080000000,0x0000000084774b78,0x0000000088300000)
 Metaspace       used 146487K, capacity 153050K, committed 154792K, reserved 1183744K
  class space    used 19149K, capacity 20374K, committed 20648K, reserved 1048576K
}
Event: 8807.045 GC heap before
{Heap before GC invocations=40 (full 6):
 PSYoungGen      total 479232K, used 479210K [0x00000000d5580000, 0x00000000fa600000, 0x0000000100000000)
  eden space 449536K, 100% used [0x00000000d5580000,0x00000000f0c80000,0x00000000f0c80000)
  from space 29696K, 99% used [0x00000000f0c80000,0x00000000f297a960,0x00000000f2980000)
  to   space 35328K, 0% used [0x00000000f8380000,0x00000000f8380000,0x00000000fa600000)
 ParOldGen       total 134144K, used 73170K [0x0000000080000000, 0x0000000088300000, 0x00000000d5580000)
  object space 134144K, 54% used [0x0000000080000000,0x0000000084774b78,0x0000000088300000)
 Metaspace       used 149840K, capacity 157096K, committed 157992K, reserved 1185792K
  class space    used 19454K, capacity 20799K, committed 21032K, reserved 1048576K
Event: 8811.378 GC heap after
Heap after GC invocations=40 (full 6):
 PSYoungGen      total 557568K, used 35317K [0x00000000d5580000, 0x00000000fbe00000, 0x0000000100000000)
  eden space 522240K, 0% used [0x00000000d5580000,0x00000000d5580000,0x00000000f5380000)
  from space 35328K, 99% used [0x00000000f8380000,0x00000000fa5fd500,0x00000000fa600000)
  to   space 49152K, 0% used [0x00000000f5380000,0x00000000f5380000,0x00000000f8380000)
 ParOldGen       total 134144K, used 94078K [0x0000000080000000, 0x0000000088300000, 0x00000000d5580000)
  object space 134144K, 70% used [0x0000000080000000,0x0000000085bdf958,0x0000000088300000)
 Metaspace       used 149840K, capacity 157096K, committed 157992K, reserved 1185792K
  class space    used 19454K, capacity 20799K, committed 21032K, reserved 1048576K
}
Event: 8843.442 GC heap before
{Heap before GC invocations=41 (full 6):
 PSYoungGen      total 557568K, used 557557K [0x00000000d5580000, 0x00000000fbe00000, 0x0000000100000000)
  eden space 522240K, 100% used [0x00000000d5580000,0x00000000f5380000,0x00000000f5380000)
  from space 35328K, 99% used [0x00000000f8380000,0x00000000fa5fd500,0x00000000fa600000)
  to   space 49152K, 0% used [0x00000000f5380000,0x00000000f5380000,0x00000000f8380000)
 ParOldGen       total 134144K, used 94078K [0x0000000080000000, 0x0000000088300000, 0x00000000d5580000)
  object space 134144K, 70% used [0x0000000080000000,0x0000000085bdf958,0x0000000088300000)
 Metaspace       used 150123K, capacity 157446K, committed 158248K, reserved 1185792K
  class space    used 19489K, capacity 20840K, committed 21032K, reserved 1048576K
Event: 8845.726 GC heap after
Heap after GC invocations=41 (full 6):
 PSYoungGen      total 571392K, used 24159K [0x00000000d5580000, 0x0000000100000000, 0x0000000100000000)
  eden space 522240K, 0% used [0x00000000d5580000,0x00000000d5580000,0x00000000f5380000)
  from space 49152K, 49% used [0x00000000f5380000,0x00000000f6b17f38,0x00000000f8380000)
  to   space 48128K, 0% used [0x00000000fd100000,0x00000000fd100000,0x0000000100000000)
 ParOldGen       total 134144K, used 128226K [0x0000000080000000, 0x0000000088300000, 0x00000000d5580000)
  object space 134144K, 95% used [0x0000000080000000,0x0000000087d38a78,0x0000000088300000)
 Metaspace       used 150123K, capacity 157446K, committed 158248K, reserved 1185792K
  class space    used 19489K, capacity 20840K, committed 21032K, reserved 1048576K
}
Event: 8845.730 GC heap before
{Heap before GC invocations=42 (full 7):
 PSYoungGen      total 571392K, used 24159K [0x00000000d5580000, 0x0000000100000000, 0x0000000100000000)
  eden space 522240K, 0% used [0x00000000d5580000,0x00000000d5580000,0x00000000f5380000)
  from space 49152K, 49% used [0x00000000f5380000,0x00000000f6b17f38,0x00000000f8380000)
  to   space 48128K, 0% used [0x00000000fd100000,0x00000000fd100000,0x0000000100000000)
 ParOldGen       total 134144K, used 128226K [0x0000000080000000, 0x0000000088300000, 0x00000000d5580000)
  object space 134144K, 95% used [0x0000000080000000,0x0000000087d38a78,0x0000000088300000)
 Metaspace       used 150123K, capacity 157446K, committed 158248K, reserved 1185792K
  class space    used 19489K, capacity 20840K, committed 21032K, reserved 1048576K
Event: 8857.814 GC heap after
Heap after GC invocations=42 (full 7):
 PSYoungGen      total 571392K, used 2527K [0x00000000d5580000, 0x0000000100000000, 0x0000000100000000)
  eden space 522240K, 0% used [0x00000000d5580000,0x00000000d5580000,0x00000000f5380000)
  from space 49152K, 5% used [0x00000000f5380000,0x00000000f55f7f78,0x00000000f8380000)
  to   space 48128K, 0% used [0x00000000fd100000,0x00000000fd100000,0x0000000100000000)
 ParOldGen       total 205312K, used 133774K [0x0000000080000000, 0x000000008c880000, 0x00000000d5580000)
  object space 205312K, 65% used [0x0000000080000000,0x00000000882a3ba8,0x000000008c880000)
 Metaspace       used 147813K, capacity 154562K, committed 158248K, reserved 1185792K
  class space    used 19129K, capacity 20387K, committed 21032K, reserved 1048576K
}

